{"/home/airton/git/udemy/nodejs-tdd/seubarriga/knexfile.js": {"path":"/home/airton/git/udemy/nodejs-tdd/seubarriga/knexfile.js","statementMap":{"0":{"start":{"line":2,"column":0},"end":{"line":20,"column":2}}},"fnMap":{},"branchMap":{},"s":{"0":3},"f":{},"b":{},"_coverageSchema":"1a1c01bbd47fc00a2c39e90264f33305004495a9","hash":"12046433ee31ddc85fe14b118aa427565aae2890"}
,"/home/airton/git/udemy/nodejs-tdd/seubarriga/src/app.js": {"path":"/home/airton/git/udemy/nodejs-tdd/seubarriga/src/app.js","statementMap":{"0":{"start":{"line":1,"column":12},"end":{"line":1,"column":32}},"1":{"start":{"line":2,"column":16},"end":{"line":2,"column":34}},"2":{"start":{"line":4,"column":13},"end":{"line":4,"column":28}},"3":{"start":{"line":5,"column":17},"end":{"line":5,"column":39}},"4":{"start":{"line":8,"column":0},"end":{"line":8,"column":29}},"5":{"start":{"line":13,"column":0},"end":{"line":18,"column":15}},"6":{"start":{"line":20,"column":0},"end":{"line":22,"column":3}},"7":{"start":{"line":21,"column":4},"end":{"line":21,"column":27}},"8":{"start":{"line":37,"column":0},"end":{"line":37,"column":21}}},"fnMap":{"0":{"name":"(anonymous_0)","decl":{"start":{"line":20,"column":13},"end":{"line":20,"column":14}},"loc":{"start":{"line":20,"column":27},"end":{"line":22,"column":1}},"line":20}},"branchMap":{},"s":{"0":3,"1":3,"2":3,"3":3,"4":3,"5":3,"6":3,"7":1,"8":3},"f":{"0":1},"b":{},"_coverageSchema":"1a1c01bbd47fc00a2c39e90264f33305004495a9","hash":"9232f81a087cdd0a7875abcc180c179c4724cc0e"}
,"/home/airton/git/udemy/nodejs-tdd/seubarriga/src/config/middlewares.js": {"path":"/home/airton/git/udemy/nodejs-tdd/seubarriga/src/config/middlewares.js","statementMap":{"0":{"start":{"line":1,"column":19},"end":{"line":1,"column":41}},"1":{"start":{"line":4,"column":0},"end":{"line":7,"column":1}},"2":{"start":{"line":6,"column":4},"end":{"line":6,"column":30}}},"fnMap":{"0":{"name":"(anonymous_0)","decl":{"start":{"line":4,"column":17},"end":{"line":4,"column":18}},"loc":{"start":{"line":4,"column":26},"end":{"line":7,"column":1}},"line":4}},"branchMap":{},"s":{"0":3,"1":3,"2":3},"f":{"0":3},"b":{},"_coverageSchema":"1a1c01bbd47fc00a2c39e90264f33305004495a9","hash":"12e643b5356387fc6146c74437e62ef1af0fd2ee"}
,"/home/airton/git/udemy/nodejs-tdd/seubarriga/src/config/routes.js": {"path":"/home/airton/git/udemy/nodejs-tdd/seubarriga/src/config/routes.js","statementMap":{"0":{"start":{"line":3,"column":0},"end":{"line":12,"column":1}},"1":{"start":{"line":5,"column":4},"end":{"line":7,"column":39}},"2":{"start":{"line":9,"column":4},"end":{"line":11,"column":42}}},"fnMap":{"0":{"name":"(anonymous_0)","decl":{"start":{"line":3,"column":18},"end":{"line":3,"column":19}},"loc":{"start":{"line":3,"column":27},"end":{"line":12,"column":1}},"line":3}},"branchMap":{},"s":{"0":3,"1":3,"2":3},"f":{"0":3},"b":{},"_coverageSchema":"1a1c01bbd47fc00a2c39e90264f33305004495a9","hash":"089f466e989c0b5b5fda7bd6b3878850da48af32"}
,"/home/airton/git/udemy/nodejs-tdd/seubarriga/src/routes/accounts.js": {"path":"/home/airton/git/udemy/nodejs-tdd/seubarriga/src/routes/accounts.js","statementMap":{"0":{"start":{"line":2,"column":0},"end":{"line":17,"column":1}},"1":{"start":{"line":4,"column":19},"end":{"line":8,"column":5}},"2":{"start":{"line":6,"column":8},"end":{"line":7,"column":58}},"3":{"start":{"line":7,"column":28},"end":{"line":7,"column":56}},"4":{"start":{"line":10,"column":19},"end":{"line":14,"column":5}},"5":{"start":{"line":12,"column":23},"end":{"line":12,"column":65}},"6":{"start":{"line":13,"column":8},"end":{"line":13,"column":47}},"7":{"start":{"line":16,"column":4},"end":{"line":16,"column":30}}},"fnMap":{"0":{"name":"(anonymous_0)","decl":{"start":{"line":2,"column":17},"end":{"line":2,"column":18}},"loc":{"start":{"line":2,"column":26},"end":{"line":17,"column":1}},"line":2},"1":{"name":"(anonymous_1)","decl":{"start":{"line":4,"column":19},"end":{"line":4,"column":20}},"loc":{"start":{"line":4,"column":39},"end":{"line":8,"column":5}},"line":4},"2":{"name":"(anonymous_2)","decl":{"start":{"line":7,"column":18},"end":{"line":7,"column":19}},"loc":{"start":{"line":7,"column":28},"end":{"line":7,"column":56}},"line":7},"3":{"name":"(anonymous_3)","decl":{"start":{"line":10,"column":19},"end":{"line":10,"column":20}},"loc":{"start":{"line":10,"column":39},"end":{"line":14,"column":5}},"line":10}},"branchMap":{},"s":{"0":3,"1":3,"2":0,"3":0,"4":3,"5":1,"6":1,"7":3},"f":{"0":3,"1":0,"2":0,"3":1},"b":{},"_coverageSchema":"1a1c01bbd47fc00a2c39e90264f33305004495a9","hash":"89162f56635e8b1b0f298ad2982350326b4270fb"}
,"/home/airton/git/udemy/nodejs-tdd/seubarriga/src/routes/users.js": {"path":"/home/airton/git/udemy/nodejs-tdd/seubarriga/src/routes/users.js","statementMap":{"0":{"start":{"line":1,"column":0},"end":{"line":18,"column":1}},"1":{"start":{"line":3,"column":20},"end":{"line":6,"column":5}},"2":{"start":{"line":4,"column":8},"end":{"line":5,"column":58}},"3":{"start":{"line":5,"column":28},"end":{"line":5,"column":56}},"4":{"start":{"line":8,"column":19},"end":{"line":15,"column":5}},"5":{"start":{"line":10,"column":23},"end":{"line":10,"column":62}},"6":{"start":{"line":12,"column":8},"end":{"line":12,"column":62}},"7":{"start":{"line":12,"column":26},"end":{"line":12,"column":62}},"8":{"start":{"line":14,"column":8},"end":{"line":14,"column":47}},"9":{"start":{"line":17,"column":4},"end":{"line":17,"column":31}}},"fnMap":{"0":{"name":"(anonymous_0)","decl":{"start":{"line":1,"column":17},"end":{"line":1,"column":18}},"loc":{"start":{"line":1,"column":26},"end":{"line":18,"column":1}},"line":1},"1":{"name":"(anonymous_1)","decl":{"start":{"line":3,"column":20},"end":{"line":3,"column":21}},"loc":{"start":{"line":3,"column":34},"end":{"line":6,"column":5}},"line":3},"2":{"name":"(anonymous_2)","decl":{"start":{"line":5,"column":18},"end":{"line":5,"column":19}},"loc":{"start":{"line":5,"column":28},"end":{"line":5,"column":56}},"line":5},"3":{"name":"(anonymous_3)","decl":{"start":{"line":8,"column":19},"end":{"line":8,"column":20}},"loc":{"start":{"line":8,"column":39},"end":{"line":15,"column":5}},"line":8}},"branchMap":{"0":{"loc":{"start":{"line":12,"column":8},"end":{"line":12,"column":62}},"type":"if","locations":[{"start":{"line":12,"column":8},"end":{"line":12,"column":62}},{"start":{"line":12,"column":8},"end":{"line":12,"column":62}}],"line":12}},"s":{"0":3,"1":3,"2":1,"3":1,"4":3,"5":5,"6":5,"7":4,"8":1,"9":3},"f":{"0":3,"1":1,"2":1,"3":5},"b":{"0":[4,1]},"_coverageSchema":"1a1c01bbd47fc00a2c39e90264f33305004495a9","hash":"84b3205a1f8872faf0b90e8c58570243e3013587"}
,"/home/airton/git/udemy/nodejs-tdd/seubarriga/src/services/accounts.js": {"path":"/home/airton/git/udemy/nodejs-tdd/seubarriga/src/services/accounts.js","statementMap":{"0":{"start":{"line":2,"column":0},"end":{"line":13,"column":1}},"1":{"start":{"line":4,"column":19},"end":{"line":6,"column":5}},"2":{"start":{"line":5,"column":8},"end":{"line":5,"column":43}},"3":{"start":{"line":8,"column":17},"end":{"line":10,"column":5}},"4":{"start":{"line":9,"column":8},"end":{"line":9,"column":55}},"5":{"start":{"line":12,"column":4},"end":{"line":12,"column":28}}},"fnMap":{"0":{"name":"(anonymous_0)","decl":{"start":{"line":2,"column":17},"end":{"line":2,"column":18}},"loc":{"start":{"line":2,"column":26},"end":{"line":13,"column":1}},"line":2},"1":{"name":"(anonymous_1)","decl":{"start":{"line":4,"column":19},"end":{"line":4,"column":20}},"loc":{"start":{"line":4,"column":25},"end":{"line":6,"column":5}},"line":4},"2":{"name":"(anonymous_2)","decl":{"start":{"line":8,"column":17},"end":{"line":8,"column":18}},"loc":{"start":{"line":8,"column":30},"end":{"line":10,"column":5}},"line":8}},"branchMap":{},"s":{"0":3,"1":3,"2":0,"3":3,"4":1,"5":3},"f":{"0":3,"1":0,"2":1},"b":{},"_coverageSchema":"1a1c01bbd47fc00a2c39e90264f33305004495a9","hash":"2c7f50def4c54087d015d20211cc723d4bcf3a69"}
,"/home/airton/git/udemy/nodejs-tdd/seubarriga/src/services/users.js": {"path":"/home/airton/git/udemy/nodejs-tdd/seubarriga/src/services/users.js","statementMap":{"0":{"start":{"line":2,"column":0},"end":{"line":22,"column":2}},"1":{"start":{"line":4,"column":20},"end":{"line":6,"column":5}},"2":{"start":{"line":5,"column":8},"end":{"line":5,"column":54}},"3":{"start":{"line":8,"column":17},"end":{"line":19,"column":5}},"4":{"start":{"line":10,"column":8},"end":{"line":10,"column":77}},"5":{"start":{"line":10,"column":26},"end":{"line":10,"column":77}},"6":{"start":{"line":11,"column":8},"end":{"line":11,"column":78}},"7":{"start":{"line":11,"column":26},"end":{"line":11,"column":78}},"8":{"start":{"line":12,"column":8},"end":{"line":12,"column":78}},"9":{"start":{"line":12,"column":26},"end":{"line":12,"column":78}},"10":{"start":{"line":14,"column":23},"end":{"line":14,"column":59}},"11":{"start":{"line":16,"column":8},"end":{"line":16,"column":95}},"12":{"start":{"line":16,"column":41},"end":{"line":16,"column":95}},"13":{"start":{"line":18,"column":8},"end":{"line":18,"column":49}},"14":{"start":{"line":21,"column":4},"end":{"line":21,"column":29}}},"fnMap":{"0":{"name":"(anonymous_0)","decl":{"start":{"line":2,"column":17},"end":{"line":2,"column":18}},"loc":{"start":{"line":2,"column":26},"end":{"line":22,"column":1}},"line":2},"1":{"name":"(anonymous_1)","decl":{"start":{"line":4,"column":20},"end":{"line":4,"column":21}},"loc":{"start":{"line":4,"column":37},"end":{"line":6,"column":5}},"line":4},"2":{"name":"(anonymous_2)","decl":{"start":{"line":8,"column":17},"end":{"line":8,"column":18}},"loc":{"start":{"line":8,"column":33},"end":{"line":19,"column":5}},"line":8}},"branchMap":{"0":{"loc":{"start":{"line":4,"column":21},"end":{"line":4,"column":32}},"type":"default-arg","locations":[{"start":{"line":4,"column":30},"end":{"line":4,"column":32}}],"line":4},"1":{"loc":{"start":{"line":10,"column":8},"end":{"line":10,"column":77}},"type":"if","locations":[{"start":{"line":10,"column":8},"end":{"line":10,"column":77}},{"start":{"line":10,"column":8},"end":{"line":10,"column":77}}],"line":10},"2":{"loc":{"start":{"line":11,"column":8},"end":{"line":11,"column":78}},"type":"if","locations":[{"start":{"line":11,"column":8},"end":{"line":11,"column":78}},{"start":{"line":11,"column":8},"end":{"line":11,"column":78}}],"line":11},"3":{"loc":{"start":{"line":12,"column":8},"end":{"line":12,"column":78}},"type":"if","locations":[{"start":{"line":12,"column":8},"end":{"line":12,"column":78}},{"start":{"line":12,"column":8},"end":{"line":12,"column":78}}],"line":12},"4":{"loc":{"start":{"line":16,"column":8},"end":{"line":16,"column":95}},"type":"if","locations":[{"start":{"line":16,"column":8},"end":{"line":16,"column":95}},{"start":{"line":16,"column":8},"end":{"line":16,"column":95}}],"line":16},"5":{"loc":{"start":{"line":16,"column":12},"end":{"line":16,"column":39}},"type":"binary-expr","locations":[{"start":{"line":16,"column":12},"end":{"line":16,"column":18}},{"start":{"line":16,"column":22},"end":{"line":16,"column":39}}],"line":16}},"s":{"0":3,"1":3,"2":4,"3":3,"4":6,"5":1,"6":5,"7":1,"8":4,"9":1,"10":3,"11":3,"12":1,"13":2,"14":3},"f":{"0":3,"1":4,"2":6},"b":{"0":[1],"1":[1,5],"2":[1,4],"3":[1,3],"4":[1,2],"5":[3,3]},"_coverageSchema":"1a1c01bbd47fc00a2c39e90264f33305004495a9","hash":"3818573c73435953ff738ee0d9a691d60722d8ed"}
}
