TN:
SF:knexfile.js
FNF:0
FNH:0
DA:2,3
LF:1
LH:1
BRF:0
BRH:0
end_of_record
TN:
SF:src/app.js
FN:20,(anonymous_0)
FNF:1
FNH:1
FNDA:1,(anonymous_0)
DA:1,3
DA:2,3
DA:4,3
DA:5,3
DA:8,3
DA:13,3
DA:20,3
DA:21,1
DA:37,3
LF:9
LH:9
BRF:0
BRH:0
end_of_record
TN:
SF:src/config/middlewares.js
FN:4,(anonymous_0)
FNF:1
FNH:1
FNDA:3,(anonymous_0)
DA:1,3
DA:4,3
DA:6,3
LF:3
LH:3
BRF:0
BRH:0
end_of_record
TN:
SF:src/config/routes.js
FN:3,(anonymous_0)
FNF:1
FNH:1
FNDA:3,(anonymous_0)
DA:3,3
DA:5,3
DA:9,3
LF:3
LH:3
BRF:0
BRH:0
end_of_record
TN:
SF:src/routes/accounts.js
FN:2,(anonymous_0)
FN:4,(anonymous_1)
FN:7,(anonymous_2)
FN:10,(anonymous_3)
FNF:4
FNH:2
FNDA:3,(anonymous_0)
FNDA:0,(anonymous_1)
FNDA:0,(anonymous_2)
FNDA:1,(anonymous_3)
DA:2,3
DA:4,3
DA:6,0
DA:7,0
DA:10,3
DA:12,1
DA:13,1
DA:16,3
LF:8
LH:6
BRF:0
BRH:0
end_of_record
TN:
SF:src/routes/users.js
FN:1,(anonymous_0)
FN:3,(anonymous_1)
FN:5,(anonymous_2)
FN:8,(anonymous_3)
FNF:4
FNH:4
FNDA:3,(anonymous_0)
FNDA:1,(anonymous_1)
FNDA:1,(anonymous_2)
FNDA:5,(anonymous_3)
DA:1,3
DA:3,3
DA:4,1
DA:5,1
DA:8,3
DA:10,5
DA:12,5
DA:14,1
DA:17,3
LF:9
LH:9
BRDA:12,0,0,4
BRDA:12,0,1,1
BRF:2
BRH:2
end_of_record
TN:
SF:src/services/accounts.js
FN:2,(anonymous_0)
FN:4,(anonymous_1)
FN:8,(anonymous_2)
FNF:3
FNH:2
FNDA:3,(anonymous_0)
FNDA:0,(anonymous_1)
FNDA:1,(anonymous_2)
DA:2,3
DA:4,3
DA:5,0
DA:8,3
DA:9,1
DA:12,3
LF:6
LH:5
BRF:0
BRH:0
end_of_record
TN:
SF:src/services/users.js
FN:2,(anonymous_0)
FN:4,(anonymous_1)
FN:8,(anonymous_2)
FNF:3
FNH:3
FNDA:3,(anonymous_0)
FNDA:4,(anonymous_1)
FNDA:6,(anonymous_2)
DA:2,3
DA:4,3
DA:5,4
DA:8,3
DA:10,6
DA:11,5
DA:12,4
DA:14,3
DA:16,3
DA:18,2
DA:21,3
LF:11
LH:11
BRDA:4,0,0,1
BRDA:10,1,0,1
BRDA:10,1,1,5
BRDA:11,2,0,1
BRDA:11,2,1,4
BRDA:12,3,0,1
BRDA:12,3,1,3
BRDA:16,4,0,1
BRDA:16,4,1,2
BRDA:16,5,0,3
BRDA:16,5,1,3
BRF:11
BRH:11
end_of_record
